<?xml version="1.0" encoding="UTF-8"?>
<testsuite xmlns:xsi="http://www.w3.org/2001/XMLSchema-instance" xsi:noNamespaceSchemaLocation="https://maven.apache.org/surefire/maven-surefire-plugin/xsd/surefire-test-report.xsd" name="com.itmo.siaod.perfect_hash.hash_tables.TestHashTableSiaod" time="0.504" tests="8" errors="0" skipped="0" failures="0">
  <properties>
    <property name="java.specification.version" value="22"/>
    <property name="sun.jnu.encoding" value="UTF-8"/>
    <property name="java.class.path" value="/home/artyom/IdeaProjects/siaod/lab1/target/test-classes:/home/artyom/IdeaProjects/siaod/lab1/target/classes:/home/artyom/.m2/repository/org/junit/jupiter/junit-jupiter-engine/5.11.0/junit-jupiter-engine-5.11.0.jar:/home/artyom/.m2/repository/org/junit/platform/junit-platform-engine/1.11.0/junit-platform-engine-1.11.0.jar:/home/artyom/.m2/repository/org/opentest4j/opentest4j/1.3.0/opentest4j-1.3.0.jar:/home/artyom/.m2/repository/org/junit/platform/junit-platform-commons/1.11.0/junit-platform-commons-1.11.0.jar:/home/artyom/.m2/repository/org/junit/jupiter/junit-jupiter-api/5.11.0/junit-jupiter-api-5.11.0.jar:/home/artyom/.m2/repository/org/apiguardian/apiguardian-api/1.1.2/apiguardian-api-1.1.2.jar:/home/artyom/.m2/repository/org/openjdk/jol/jol-core/0.16/jol-core-0.16.jar:/home/artyom/.m2/repository/org/jacoco/jacoco-maven-plugin/0.8.12/jacoco-maven-plugin-0.8.12.jar:/home/artyom/.m2/repository/org/codehaus/plexus/plexus-utils/3.0.24/plexus-utils-3.0.24.jar:/home/artyom/.m2/repository/org/apache/maven/shared/file-management/3.1.0/file-management-3.1.0.jar:/home/artyom/.m2/repository/org/slf4j/slf4j-api/1.7.36/slf4j-api-1.7.36.jar:/home/artyom/.m2/repository/commons-io/commons-io/2.11.0/commons-io-2.11.0.jar:/home/artyom/.m2/repository/org/apache/maven/reporting/maven-reporting-api/3.0/maven-reporting-api-3.0.jar:/home/artyom/.m2/repository/org/apache/maven/doxia/doxia-sink-api/1.0/doxia-sink-api-1.0.jar:/home/artyom/.m2/repository/org/jacoco/org.jacoco.agent/0.8.12/org.jacoco.agent-0.8.12-runtime.jar:/home/artyom/.m2/repository/org/jacoco/org.jacoco.core/0.8.12/org.jacoco.core-0.8.12.jar:/home/artyom/.m2/repository/org/ow2/asm/asm/9.7/asm-9.7.jar:/home/artyom/.m2/repository/org/ow2/asm/asm-commons/9.7/asm-commons-9.7.jar:/home/artyom/.m2/repository/org/ow2/asm/asm-tree/9.7/asm-tree-9.7.jar:/home/artyom/.m2/repository/org/jacoco/org.jacoco.report/0.8.12/org.jacoco.report-0.8.12.jar:/home/artyom/.m2/repository/org/apache/maven/plugins/maven-surefire-plugin/3.5.2/maven-surefire-plugin-3.5.2.jar:/home/artyom/.m2/repository/org/apache/maven/surefire/surefire-api/3.5.2/surefire-api-3.5.2.jar:/home/artyom/.m2/repository/org/apache/maven/surefire/surefire-logger-api/3.5.2/surefire-logger-api-3.5.2.jar:/home/artyom/.m2/repository/org/apache/maven/surefire/surefire-shared-utils/3.5.2/surefire-shared-utils-3.5.2.jar:/home/artyom/.m2/repository/org/apache/maven/surefire/surefire-extensions-api/3.5.2/surefire-extensions-api-3.5.2.jar:/home/artyom/.m2/repository/org/apache/maven/surefire/maven-surefire-common/3.5.2/maven-surefire-common-3.5.2.jar:/home/artyom/.m2/repository/org/apache/maven/surefire/surefire-booter/3.5.2/surefire-booter-3.5.2.jar:/home/artyom/.m2/repository/org/apache/maven/surefire/surefire-extensions-spi/3.5.2/surefire-extensions-spi-3.5.2.jar:/home/artyom/.m2/repository/org/apache/maven/resolver/maven-resolver-util/1.4.1/maven-resolver-util-1.4.1.jar:/home/artyom/.m2/repository/org/apache/maven/resolver/maven-resolver-api/1.4.1/maven-resolver-api-1.4.1.jar:/home/artyom/.m2/repository/org/apache/maven/shared/maven-common-artifact-filters/3.4.0/maven-common-artifact-filters-3.4.0.jar:/home/artyom/.m2/repository/org/codehaus/plexus/plexus-java/1.3.0/plexus-java-1.3.0.jar:/home/artyom/.m2/repository/com/thoughtworks/qdox/qdox/2.1.0/qdox-2.1.0.jar:"/>
    <property name="java.vm.vendor" value="Oracle Corporation"/>
    <property name="sun.arch.data.model" value="64"/>
    <property name="java.vendor.url" value="https://java.oracle.com/"/>
    <property name="os.name" value="Linux"/>
    <property name="java.vm.specification.version" value="22"/>
    <property name="sun.java.launcher" value="SUN_STANDARD"/>
    <property name="user.country" value="US"/>
    <property name="sun.boot.library.path" value="/home/artyom/.jdks/openjdk-22.0.1/lib"/>
    <property name="sun.java.command" value="/home/artyom/IdeaProjects/siaod/lab1/target/surefire/surefirebooter4719305379248407922.jar /home/artyom/IdeaProjects/siaod/lab1/target/surefire 2025-03-14T22-08-23_215-jvmRun1 surefire1138912304818262767tmp surefire_07235375137878281836tmp"/>
    <property name="jdk.debug" value="release"/>
    <property name="surefire.test.class.path" value="/home/artyom/IdeaProjects/siaod/lab1/target/test-classes:/home/artyom/IdeaProjects/siaod/lab1/target/classes:/home/artyom/.m2/repository/org/junit/jupiter/junit-jupiter-engine/5.11.0/junit-jupiter-engine-5.11.0.jar:/home/artyom/.m2/repository/org/junit/platform/junit-platform-engine/1.11.0/junit-platform-engine-1.11.0.jar:/home/artyom/.m2/repository/org/opentest4j/opentest4j/1.3.0/opentest4j-1.3.0.jar:/home/artyom/.m2/repository/org/junit/platform/junit-platform-commons/1.11.0/junit-platform-commons-1.11.0.jar:/home/artyom/.m2/repository/org/junit/jupiter/junit-jupiter-api/5.11.0/junit-jupiter-api-5.11.0.jar:/home/artyom/.m2/repository/org/apiguardian/apiguardian-api/1.1.2/apiguardian-api-1.1.2.jar:/home/artyom/.m2/repository/org/openjdk/jol/jol-core/0.16/jol-core-0.16.jar:/home/artyom/.m2/repository/org/jacoco/jacoco-maven-plugin/0.8.12/jacoco-maven-plugin-0.8.12.jar:/home/artyom/.m2/repository/org/codehaus/plexus/plexus-utils/3.0.24/plexus-utils-3.0.24.jar:/home/artyom/.m2/repository/org/apache/maven/shared/file-management/3.1.0/file-management-3.1.0.jar:/home/artyom/.m2/repository/org/slf4j/slf4j-api/1.7.36/slf4j-api-1.7.36.jar:/home/artyom/.m2/repository/commons-io/commons-io/2.11.0/commons-io-2.11.0.jar:/home/artyom/.m2/repository/org/apache/maven/reporting/maven-reporting-api/3.0/maven-reporting-api-3.0.jar:/home/artyom/.m2/repository/org/apache/maven/doxia/doxia-sink-api/1.0/doxia-sink-api-1.0.jar:/home/artyom/.m2/repository/org/jacoco/org.jacoco.agent/0.8.12/org.jacoco.agent-0.8.12-runtime.jar:/home/artyom/.m2/repository/org/jacoco/org.jacoco.core/0.8.12/org.jacoco.core-0.8.12.jar:/home/artyom/.m2/repository/org/ow2/asm/asm/9.7/asm-9.7.jar:/home/artyom/.m2/repository/org/ow2/asm/asm-commons/9.7/asm-commons-9.7.jar:/home/artyom/.m2/repository/org/ow2/asm/asm-tree/9.7/asm-tree-9.7.jar:/home/artyom/.m2/repository/org/jacoco/org.jacoco.report/0.8.12/org.jacoco.report-0.8.12.jar:/home/artyom/.m2/repository/org/apache/maven/plugins/maven-surefire-plugin/3.5.2/maven-surefire-plugin-3.5.2.jar:/home/artyom/.m2/repository/org/apache/maven/surefire/surefire-api/3.5.2/surefire-api-3.5.2.jar:/home/artyom/.m2/repository/org/apache/maven/surefire/surefire-logger-api/3.5.2/surefire-logger-api-3.5.2.jar:/home/artyom/.m2/repository/org/apache/maven/surefire/surefire-shared-utils/3.5.2/surefire-shared-utils-3.5.2.jar:/home/artyom/.m2/repository/org/apache/maven/surefire/surefire-extensions-api/3.5.2/surefire-extensions-api-3.5.2.jar:/home/artyom/.m2/repository/org/apache/maven/surefire/maven-surefire-common/3.5.2/maven-surefire-common-3.5.2.jar:/home/artyom/.m2/repository/org/apache/maven/surefire/surefire-booter/3.5.2/surefire-booter-3.5.2.jar:/home/artyom/.m2/repository/org/apache/maven/surefire/surefire-extensions-spi/3.5.2/surefire-extensions-spi-3.5.2.jar:/home/artyom/.m2/repository/org/apache/maven/resolver/maven-resolver-util/1.4.1/maven-resolver-util-1.4.1.jar:/home/artyom/.m2/repository/org/apache/maven/resolver/maven-resolver-api/1.4.1/maven-resolver-api-1.4.1.jar:/home/artyom/.m2/repository/org/apache/maven/shared/maven-common-artifact-filters/3.4.0/maven-common-artifact-filters-3.4.0.jar:/home/artyom/.m2/repository/org/codehaus/plexus/plexus-java/1.3.0/plexus-java-1.3.0.jar:/home/artyom/.m2/repository/com/thoughtworks/qdox/qdox/2.1.0/qdox-2.1.0.jar:"/>
    <property name="sun.cpu.endian" value="little"/>
    <property name="user.home" value="/home/artyom"/>
    <property name="user.language" value="en"/>
    <property name="java.specification.vendor" value="Oracle Corporation"/>
    <property name="java.version.date" value="2024-04-16"/>
    <property name="java.home" value="/home/artyom/.jdks/openjdk-22.0.1"/>
    <property name="file.separator" value="/"/>
    <property name="basedir" value="/home/artyom/IdeaProjects/siaod/lab1"/>
    <property name="java.vm.compressedOopsMode" value="Zero based"/>
    <property name="line.separator" value="&#10;"/>
    <property name="java.specification.name" value="Java Platform API Specification"/>
    <property name="java.vm.specification.vendor" value="Oracle Corporation"/>
    <property name="surefire.real.class.path" value="/home/artyom/IdeaProjects/siaod/lab1/target/surefire/surefirebooter4719305379248407922.jar"/>
    <property name="sun.management.compiler" value="HotSpot 64-Bit Tiered Compilers"/>
    <property name="java.runtime.version" value="22.0.1+8-16"/>
    <property name="user.name" value="artyom"/>
    <property name="stdout.encoding" value="UTF-8"/>
    <property name="path.separator" value=":"/>
    <property name="os.version" value="6.8.0-52-generic"/>
    <property name="java.runtime.name" value="OpenJDK Runtime Environment"/>
    <property name="file.encoding" value="UTF-8"/>
    <property name="java.vm.name" value="OpenJDK 64-Bit Server VM"/>
    <property name="localRepository" value="/home/artyom/.m2/repository"/>
    <property name="java.vendor.url.bug" value="https://bugreport.java.com/bugreport/"/>
    <property name="java.io.tmpdir" value="/tmp"/>
    <property name="java.version" value="22.0.1"/>
    <property name="user.dir" value="/home/artyom/IdeaProjects/siaod/lab1"/>
    <property name="os.arch" value="amd64"/>
    <property name="java.vm.specification.name" value="Java Virtual Machine Specification"/>
    <property name="native.encoding" value="UTF-8"/>
    <property name="java.library.path" value="/usr/java/packages/lib:/usr/lib64:/lib64:/lib:/usr/lib"/>
    <property name="java.vm.info" value="mixed mode, sharing"/>
    <property name="stderr.encoding" value="UTF-8"/>
    <property name="java.vendor" value="Oracle Corporation"/>
    <property name="java.vm.version" value="22.0.1+8-16"/>
    <property name="sun.io.unicode.encoding" value="UnicodeLittle"/>
    <property name="java.class.version" value="66.0"/>
  </properties>
  <testcase name="testGet" classname="com.itmo.siaod.perfect_hash.hash_tables.TestHashTableSiaod" time="0.06"/>
  <testcase name="testPut" classname="com.itmo.siaod.perfect_hash.hash_tables.TestHashTableSiaod" time="0.022"/>
  <testcase name="testToString" classname="com.itmo.siaod.perfect_hash.hash_tables.TestHashTableSiaod" time="0.072"/>
  <testcase name="testResetBuckets" classname="com.itmo.siaod.perfect_hash.hash_tables.TestHashTableSiaod" time="0.102"/>
  <testcase name="testHashTable" classname="com.itmo.siaod.perfect_hash.hash_tables.TestHashTableSiaod" time="0.148"/>
  <testcase name="testSimpleToHashTableBucket" classname="com.itmo.siaod.perfect_hash.hash_tables.TestHashTableSiaod" time="0.059"/>
  <testcase name="testDelete" classname="com.itmo.siaod.perfect_hash.hash_tables.TestHashTableSiaod" time="0.008"/>
  <testcase name="testInitializeSecondLayer" classname="com.itmo.siaod.perfect_hash.hash_tables.TestHashTableSiaod" time="0.032"/>
</testsuite>